<?xml version="1.0" encoding="UTF-8"?>
<!-- Generated by org.testng.reporters.JUnitReportReporter -->
<testsuite hostname="Dheekshika" failures="0" tests="1" name="com.qa.opencart.test.RegisterPageTest" time="27.138" errors="0" timestamp="2024-01-14T14:27:18 IST" skipped="0">
  <testcase classname="com.qa.opencart.test.RegisterPageTest" name="UserRegisterTest" time="27.138"/>
  <system-out/>
</testsuite> <!-- com.qa.opencart.test.RegisterPageTest -->
