<?xml version="1.0" encoding="UTF-8"?>
<!-- Generated by org.testng.reporters.JUnitReportReporter -->
<testsuite hostname="Dheekshika" failures="0" tests="1" name="com.qa.opencart.test.RegisterPageTest" time="383.150" errors="0" timestamp="2024-01-22T17:00:53 IST" skipped="0">
  <testcase classname="com.qa.opencart.test.RegisterPageTest" name="UserRegisterTest" time="383.150"/>
  <system-out/>
</testsuite> <!-- com.qa.opencart.test.RegisterPageTest -->
