<?xml version="1.0" encoding="UTF-8"?>
<!-- Generated by org.testng.reporters.JUnitReportReporter -->
<testsuite hostname="Dheekshika" failures="0" tests="1" name="com.qa.opencart.test.RegisterPageTest" time="22.135" errors="0" timestamp="2024-01-14T15:57:35 IST" skipped="0">
  <testcase classname="com.qa.opencart.test.RegisterPageTest" name="UserRegisterTest" time="22.135"/>
  <system-out/>
</testsuite> <!-- com.qa.opencart.test.RegisterPageTest -->
