<?xml version="1.0" encoding="UTF-8"?>
<!-- Generated by org.testng.reporters.JUnitReportReporter -->
<testsuite hostname="Dheekshika" failures="0" tests="3" name="com.qa.opencart.test.RegisterPageTest" time="32.499" errors="0" timestamp="2024-01-07T15:30:52 IST" skipped="0">
  <testcase classname="com.qa.opencart.test.RegisterPageTest" name="UserRegisterTest" time="11.286"/>
  <system-out/>
  <testcase classname="com.qa.opencart.test.RegisterPageTest" name="UserRegisterTest" time="10.702"/>
  <system-out/>
  <testcase classname="com.qa.opencart.test.RegisterPageTest" name="UserRegisterTest" time="10.511"/>
  <system-out/>
</testsuite> <!-- com.qa.opencart.test.RegisterPageTest -->
