<?xml version="1.0" encoding="UTF-8"?>
<!-- Generated by org.testng.reporters.JUnitReportReporter -->
<testsuite hostname="Dheekshika" failures="0" tests="3" name="com.qa.opencart.test.RegisterPageTest" time="36.286" errors="0" timestamp="2023-12-30T11:29:12 IST" skipped="0">
  <testcase classname="com.qa.opencart.test.RegisterPageTest" name="UserRegisterTest" time="12.824"/>
  <system-out/>
  <testcase classname="com.qa.opencart.test.RegisterPageTest" name="UserRegisterTest" time="11.573"/>
  <system-out/>
  <testcase classname="com.qa.opencart.test.RegisterPageTest" name="UserRegisterTest" time="11.889"/>
  <system-out/>
</testsuite> <!-- com.qa.opencart.test.RegisterPageTest -->
