<?xml version="1.0" encoding="UTF-8"?>
<!-- Generated by org.testng.reporters.JUnitReportReporter -->
<testsuite hostname="Dheekshika" failures="0" tests="4" name="com.qa.opencart.test.LoginPageTest" time="0.645" errors="0" timestamp="2023-12-28T14:20:18 IST" skipped="0">
  <testcase classname="com.qa.opencart.test.LoginPageTest" name="loginPgTitle" time="0.254"/>
  <system-out/>
  <testcase classname="com.qa.opencart.test.LoginPageTest" name="loginPgURLTest" time="0.192"/>
  <system-out/>
  <testcase classname="com.qa.opencart.test.LoginPageTest" name="forgotLinkTest" time="0.104"/>
  <system-out/>
  <testcase classname="com.qa.opencart.test.LoginPageTest" name="isRegisterLink" time="0.095"/>
  <system-out/>
</testsuite> <!-- com.qa.opencart.test.LoginPageTest -->
